2023.04.17 05:26:25 INFO  Started: Metals version 0.11.11 in workspace '/home/ysyx/OneStudentOneChip' for client Visual Studio Code 1.77.3.
SLF4J: No SLF4J providers were found.
SLF4J: Defaulting to no-operation (NOP) logger implementation
SLF4J: See https://www.slf4j.org/codes.html#noProviders for further details.
SLF4J: Class path contains SLF4J bindings targeting slf4j-api versions 1.7.x or earlier.
SLF4J: Ignoring binding found at [jar:file:/home/ysyx/.cache/coursier/v1/https/repo1.maven.org/maven2/com/outr/scribe-slf4j_2.13/3.11.0/scribe-slf4j_2.13-3.11.0.jar!/org/slf4j/impl/StaticLoggerBinder.class]
SLF4J: See https://www.slf4j.org/codes.html#ignoredBindings for an explanation.
2023.04.17 05:26:26 INFO  time: initialize in 0.66s
2023.04.17 05:26:29 WARN  Build server is not auto-connectable.
2023.04.17 05:26:29 WARN  no build tool detected in workspace '/home/ysyx/OneStudentOneChip'. The most common cause for this problem is that the editor was opened in the wrong working directory, for example if you use sbt then the workspace directory should contain build.sbt. 
2023.04.17 05:26:29 WARN  no build target for: /home/ysyx/OneStudentOneChip/MostSimpleProcessorCore-Chisel/src/main/scala/MSPC_ALU.scala
Apr 17, 2023 5:26:29 AM org.eclipse.lsp4j.jsonrpc.RemoteEndpoint handleCancellation
WARNING: Unmatched cancel notification for request id 2
Apr 17, 2023 5:26:29 AM org.eclipse.lsp4j.jsonrpc.RemoteEndpoint handleCancellation
WARNING: Unmatched cancel notification for request id 1
2023.04.17 05:38:21 INFO  no build target found for /home/ysyx/OneStudentOneChip/MostSimpleProcessorCore-Chisel/src/main/scala/MSPC_ALU.scala. Using presentation compiler with project's scala-library version: 3.2.2
Apr 17, 2023 5:38:22 AM org.eclipse.lsp4j.jsonrpc.RemoteEndpoint handleCancellation
WARNING: Unmatched cancel notification for request id 14
2023.04.17 05:38:22 WARN  no build target for: /home/ysyx/OneStudentOneChip/MostSimpleProcessorCore-Chisel/src/main/scala/MSPC_ALU.scala
Apr 17, 2023 5:38:22 AM org.eclipse.lsp4j.jsonrpc.RemoteEndpoint handleCancellation
WARNING: Unmatched cancel notification for request id 21
Apr 17, 2023 5:38:22 AM org.eclipse.lsp4j.jsonrpc.RemoteEndpoint handleCancellation
WARNING: Unmatched cancel notification for request id 19
Apr 17, 2023 5:38:22 AM org.eclipse.lsp4j.jsonrpc.RemoteEndpoint handleCancellation
WARNING: Unmatched cancel notification for request id 22
Apr 17, 2023 5:38:22 AM org.eclipse.lsp4j.jsonrpc.RemoteEndpoint handleCancellation
WARNING: Unmatched cancel notification for request id 31
Apr 17, 2023 5:38:22 AM org.eclipse.lsp4j.jsonrpc.RemoteEndpoint handleCancellation
WARNING: Unmatched cancel notification for request id 29
Apr 17, 2023 5:38:22 AM org.eclipse.lsp4j.jsonrpc.RemoteEndpoint handleCancellation
WARNING: Unmatched cancel notification for request id 42
Apr 17, 2023 5:38:22 AM org.eclipse.lsp4j.jsonrpc.RemoteEndpoint handleCancellation
WARNING: Unmatched cancel notification for request id 51
Apr 17, 2023 5:38:22 AM org.eclipse.lsp4j.jsonrpc.RemoteEndpoint handleCancellation
WARNING: Unmatched cancel notification for request id 49
Apr 17, 2023 5:38:22 AM org.eclipse.lsp4j.jsonrpc.RemoteEndpoint handleCancellation
WARNING: Unmatched cancel notification for request id 55
Apr 17, 2023 5:38:22 AM org.eclipse.lsp4j.jsonrpc.RemoteEndpoint handleCancellation
WARNING: Unmatched cancel notification for request id 61
Apr 17, 2023 5:38:22 AM org.eclipse.lsp4j.jsonrpc.RemoteEndpoint handleCancellation
WARNING: Unmatched cancel notification for request id 69
Apr 17, 2023 5:38:22 AM org.eclipse.lsp4j.jsonrpc.RemoteEndpoint handleCancellation
WARNING: Unmatched cancel notification for request id 75
Apr 17, 2023 5:38:22 AM org.eclipse.lsp4j.jsonrpc.RemoteEndpoint handleCancellation
WARNING: Unmatched cancel notification for request id 78
Apr 17, 2023 5:38:22 AM org.eclipse.lsp4j.jsonrpc.RemoteEndpoint handleCancellation
WARNING: Unmatched cancel notification for request id 84
Apr 17, 2023 5:38:22 AM org.eclipse.lsp4j.jsonrpc.RemoteEndpoint handleCancellation
WARNING: Unmatched cancel notification for request id 91
Apr 17, 2023 5:38:22 AM org.eclipse.lsp4j.jsonrpc.RemoteEndpoint handleCancellation
WARNING: Unmatched cancel notification for request id 103
Apr 17, 2023 5:38:22 AM org.eclipse.lsp4j.jsonrpc.RemoteEndpoint handleCancellation
WARNING: Unmatched cancel notification for request id 112
Apr 17, 2023 5:38:22 AM org.eclipse.lsp4j.jsonrpc.RemoteEndpoint handleCancellation
WARNING: Unmatched cancel notification for request id 134
Apr 17, 2023 5:38:23 AM org.eclipse.lsp4j.jsonrpc.RemoteEndpoint handleCancellation
WARNING: Unmatched cancel notification for request id 153
Apr 17, 2023 5:38:23 AM org.eclipse.lsp4j.jsonrpc.RemoteEndpoint handleCancellation
WARNING: Unmatched cancel notification for request id 155
Apr 17, 2023 5:38:23 AM org.eclipse.lsp4j.jsonrpc.RemoteEndpoint handleCancellation
WARNING: Unmatched cancel notification for request id 151
Apr 17, 2023 5:38:23 AM org.eclipse.lsp4j.jsonrpc.RemoteEndpoint handleCancellation
WARNING: Unmatched cancel notification for request id 169
Apr 17, 2023 5:38:23 AM org.eclipse.lsp4j.jsonrpc.RemoteEndpoint handleCancellation
WARNING: Unmatched cancel notification for request id 174
Apr 17, 2023 5:38:23 AM org.eclipse.lsp4j.jsonrpc.RemoteEndpoint handleCancellation
WARNING: Unmatched cancel notification for request id 179
Apr 17, 2023 5:38:23 AM org.eclipse.lsp4j.jsonrpc.RemoteEndpoint handleCancellation
WARNING: Unmatched cancel notification for request id 177
Apr 17, 2023 5:38:23 AM org.eclipse.lsp4j.jsonrpc.RemoteEndpoint handleCancellation
WARNING: Unmatched cancel notification for request id 180
Apr 17, 2023 5:38:23 AM org.eclipse.lsp4j.jsonrpc.RemoteEndpoint handleCancellation
WARNING: Unmatched cancel notification for request id 183
Apr 17, 2023 5:38:23 AM org.eclipse.lsp4j.jsonrpc.RemoteEndpoint fallbackResponseError
SEVERE: Internal error: java.lang.UnsupportedOperationException: tail of empty list
java.util.concurrent.CompletionException: java.lang.UnsupportedOperationException: tail of empty list
	at java.base/java.util.concurrent.CompletableFuture.encodeThrowable(CompletableFuture.java:331)
	at java.base/java.util.concurrent.CompletableFuture.uniAcceptNow(CompletableFuture.java:743)
	at java.base/java.util.concurrent.CompletableFuture.uniAcceptStage(CompletableFuture.java:731)
	at java.base/java.util.concurrent.CompletableFuture.thenAccept(CompletableFuture.java:2108)
	at org.eclipse.lsp4j.jsonrpc.RemoteEndpoint.handleRequest(RemoteEndpoint.java:279)
	at org.eclipse.lsp4j.jsonrpc.RemoteEndpoint.consume(RemoteEndpoint.java:190)
	at org.eclipse.lsp4j.jsonrpc.json.StreamMessageProducer.handleMessage(StreamMessageProducer.java:194)
	at org.eclipse.lsp4j.jsonrpc.json.StreamMessageProducer.listen(StreamMessageProducer.java:94)
	at org.eclipse.lsp4j.jsonrpc.json.ConcurrentMessageProcessor.run(ConcurrentMessageProcessor.java:113)
	at java.base/java.util.concurrent.Executors$RunnableAdapter.call(Executors.java:515)
	at java.base/java.util.concurrent.FutureTask.run(FutureTask.java:264)
	at java.base/java.util.concurrent.ThreadPoolExecutor.runWorker(ThreadPoolExecutor.java:1128)
	at java.base/java.util.concurrent.ThreadPoolExecutor$Worker.run(ThreadPoolExecutor.java:628)
	at java.base/java.lang.Thread.run(Thread.java:829)
Caused by: java.lang.UnsupportedOperationException: tail of empty list
	at scala.collection.immutable.Nil$.tail(List.scala:664)
	at scala.collection.immutable.Nil$.tail(List.scala:661)
	at scala.meta.internal.metals.codeactions.CreateCompanionObjectCodeAction.$anonfun$endPosOfTree$1(CreateCompanionObjectCodeAction.scala:77)
	at scala.Option.flatMap(Option.scala:283)
	at scala.meta.internal.metals.codeactions.CreateCompanionObjectCodeAction.endPosOfTree(CreateCompanionObjectCodeAction.scala:75)
	at scala.meta.internal.metals.codeactions.CreateCompanionObjectCodeAction.$anonfun$contribute$5(CreateCompanionObjectCodeAction.scala:61)
	at scala.Option.map(Option.scala:242)
	at scala.meta.internal.metals.codeactions.CreateCompanionObjectCodeAction.$anonfun$contribute$4(CreateCompanionObjectCodeAction.scala:58)
	at scala.Option$WithFilter.flatMap(Option.scala:283)
	at scala.meta.internal.metals.codeactions.CreateCompanionObjectCodeAction.$anonfun$contribute$2(CreateCompanionObjectCodeAction.scala:56)
	at scala.Option.flatMap(Option.scala:283)
	at scala.meta.internal.metals.codeactions.CreateCompanionObjectCodeAction.$anonfun$contribute$1(CreateCompanionObjectCodeAction.scala:55)
	at scala.concurrent.Future$.$anonfun$apply$1(Future.scala:678)
	at scala.concurrent.impl.Promise$Transformation.run(Promise.scala:467)
	... 3 more

Apr 17, 2023 5:38:23 AM org.eclipse.lsp4j.jsonrpc.RemoteEndpoint handleCancellation
WARNING: Unmatched cancel notification for request id 194
Apr 17, 2023 5:38:23 AM org.eclipse.lsp4j.jsonrpc.RemoteEndpoint handleCancellation
WARNING: Unmatched cancel notification for request id 192
Apr 17, 2023 5:38:23 AM org.eclipse.lsp4j.jsonrpc.RemoteEndpoint handleCancellation
WARNING: Unmatched cancel notification for request id 202
Apr 17, 2023 5:38:23 AM org.eclipse.lsp4j.jsonrpc.RemoteEndpoint handleCancellation
WARNING: Unmatched cancel notification for request id 212
Apr 17, 2023 5:38:23 AM org.eclipse.lsp4j.jsonrpc.RemoteEndpoint handleCancellation
WARNING: Unmatched cancel notification for request id 229
Apr 17, 2023 5:38:23 AM org.eclipse.lsp4j.jsonrpc.RemoteEndpoint handleCancellation
WARNING: Unmatched cancel notification for request id 234
Apr 17, 2023 5:38:23 AM org.eclipse.lsp4j.jsonrpc.RemoteEndpoint handleCancellation
WARNING: Unmatched cancel notification for request id 241
Apr 17, 2023 5:38:23 AM org.eclipse.lsp4j.jsonrpc.RemoteEndpoint handleCancellation
WARNING: Unmatched cancel notification for request id 250
Apr 17, 2023 5:38:23 AM org.eclipse.lsp4j.jsonrpc.RemoteEndpoint handleCancellation
WARNING: Unmatched cancel notification for request id 253
Apr 17, 2023 5:38:23 AM org.eclipse.lsp4j.jsonrpc.RemoteEndpoint handleCancellation
WARNING: Unmatched cancel notification for request id 263
Apr 17, 2023 5:38:23 AM org.eclipse.lsp4j.jsonrpc.RemoteEndpoint handleCancellation
WARNING: Unmatched cancel notification for request id 275
Apr 17, 2023 5:38:23 AM org.eclipse.lsp4j.jsonrpc.RemoteEndpoint handleCancellation
WARNING: Unmatched cancel notification for request id 273
Apr 17, 2023 5:38:23 AM org.eclipse.lsp4j.jsonrpc.RemoteEndpoint handleCancellation
WARNING: Unmatched cancel notification for request id 290
Apr 17, 2023 5:38:23 AM org.eclipse.lsp4j.jsonrpc.RemoteEndpoint handleCancellation
WARNING: Unmatched cancel notification for request id 302
Apr 17, 2023 5:38:23 AM org.eclipse.lsp4j.jsonrpc.RemoteEndpoint handleCancellation
WARNING: Unmatched cancel notification for request id 321
Apr 17, 2023 5:38:23 AM org.eclipse.lsp4j.jsonrpc.RemoteEndpoint handleCancellation
WARNING: Unmatched cancel notification for request id 323
Apr 17, 2023 5:38:23 AM org.eclipse.lsp4j.jsonrpc.RemoteEndpoint handleCancellation
WARNING: Unmatched cancel notification for request id 324
Apr 17, 2023 5:38:23 AM org.eclipse.lsp4j.jsonrpc.RemoteEndpoint handleCancellation
WARNING: Unmatched cancel notification for request id 318
Apr 17, 2023 5:38:23 AM org.eclipse.lsp4j.jsonrpc.RemoteEndpoint handleCancellation
WARNING: Unmatched cancel notification for request id 315
Apr 17, 2023 5:38:23 AM org.eclipse.lsp4j.jsonrpc.RemoteEndpoint handleCancellation
WARNING: Unmatched cancel notification for request id 344
Apr 17, 2023 5:38:23 AM org.eclipse.lsp4j.jsonrpc.RemoteEndpoint handleCancellation
WARNING: Unmatched cancel notification for request id 342
Apr 17, 2023 5:38:23 AM org.eclipse.lsp4j.jsonrpc.RemoteEndpoint handleCancellation
WARNING: Unmatched cancel notification for request id 363
2023.04.17 05:38:23 WARN  no build target for: /home/ysyx/OneStudentOneChip/MostSimpleProcessorCore-Chisel/src/main/scala/MSPC_ALU.scala
Apr 17, 2023 5:38:23 AM org.eclipse.lsp4j.jsonrpc.RemoteEndpoint handleCancellation
WARNING: Unmatched cancel notification for request id 361
Apr 17, 2023 5:38:23 AM org.eclipse.lsp4j.jsonrpc.RemoteEndpoint handleCancellation
WARNING: Unmatched cancel notification for request id 367
Apr 17, 2023 5:38:23 AM org.eclipse.lsp4j.jsonrpc.RemoteEndpoint handleCancellation
WARNING: Unmatched cancel notification for request id 375
Apr 17, 2023 5:38:23 AM org.eclipse.lsp4j.jsonrpc.RemoteEndpoint handleCancellation
WARNING: Unmatched cancel notification for request id 373
Apr 17, 2023 5:38:23 AM org.eclipse.lsp4j.jsonrpc.RemoteEndpoint handleCancellation
WARNING: Unmatched cancel notification for request id 381
Apr 17, 2023 5:38:23 AM org.eclipse.lsp4j.jsonrpc.RemoteEndpoint handleCancellation
WARNING: Unmatched cancel notification for request id 382
Apr 17, 2023 5:38:23 AM org.eclipse.lsp4j.jsonrpc.RemoteEndpoint handleCancellation
WARNING: Unmatched cancel notification for request id 385
Apr 17, 2023 5:38:23 AM org.eclipse.lsp4j.jsonrpc.RemoteEndpoint handleCancellation
WARNING: Unmatched cancel notification for request id 394
Apr 17, 2023 5:38:23 AM org.eclipse.lsp4j.jsonrpc.RemoteEndpoint handleCancellation
WARNING: Unmatched cancel notification for request id 399
Apr 17, 2023 5:38:23 AM org.eclipse.lsp4j.jsonrpc.RemoteEndpoint handleCancellation
WARNING: Unmatched cancel notification for request id 403
Apr 17, 2023 5:38:23 AM org.eclipse.lsp4j.jsonrpc.RemoteEndpoint handleCancellation
WARNING: Unmatched cancel notification for request id 408
Apr 17, 2023 5:38:23 AM org.eclipse.lsp4j.jsonrpc.RemoteEndpoint handleCancellation
WARNING: Unmatched cancel notification for request id 416
Apr 17, 2023 5:38:23 AM org.eclipse.lsp4j.jsonrpc.RemoteEndpoint handleCancellation
WARNING: Unmatched cancel notification for request id 429
Apr 17, 2023 5:38:23 AM org.eclipse.lsp4j.jsonrpc.RemoteEndpoint handleCancellation
WARNING: Unmatched cancel notification for request id 435
Apr 17, 2023 5:38:24 AM org.eclipse.lsp4j.jsonrpc.RemoteEndpoint handleCancellation
WARNING: Unmatched cancel notification for request id 438
Apr 17, 2023 5:38:24 AM org.eclipse.lsp4j.jsonrpc.RemoteEndpoint handleCancellation
WARNING: Unmatched cancel notification for request id 443
2023.04.17 05:38:24 WARN  no build target for: /home/ysyx/OneStudentOneChip/MostSimpleProcessorCore-Chisel/src/main/scala/MSPC_ALU.scala
Apr 17, 2023 5:38:24 AM org.eclipse.lsp4j.jsonrpc.RemoteEndpoint handleCancellation
WARNING: Unmatched cancel notification for request id 444
2023.04.17 05:38:24 INFO  time: code lens generation in 11m55s
2023.04.17 05:38:25 INFO  time: code lens generation in 1.35s
2023.04.17 05:38:25 INFO  time: code lens generation in 1.34s
2023.04.17 05:38:25 INFO  time: code lens generation in 1.4s
2023.04.17 05:38:25 INFO  time: code lens generation in 1.4s
2023.04.17 05:38:25 INFO  time: code lens generation in 1.35s
2023.04.17 05:38:25 INFO  time: code lens generation in 1.36s
2023.04.17 05:38:25 INFO  time: code lens generation in 1.41s
2023.04.17 05:38:25 INFO  time: code lens generation in 1.26s
2023.04.17 05:38:25 INFO  time: code lens generation in 1.44s
2023.04.17 05:38:25 INFO  time: code lens generation in 1.44s
2023.04.17 05:38:25 INFO  time: code lens generation in 1.42s
2023.04.17 05:38:25 INFO  time: code lens generation in 1.47s
2023.04.17 05:38:25 INFO  time: code lens generation in 1.41s
2023.04.17 05:38:25 INFO  time: code lens generation in 1.4s
2023.04.17 05:38:25 INFO  time: code lens generation in 1.39s
2023.04.17 05:38:25 INFO  time: code lens generation in 1.49s
2023.04.17 05:38:25 INFO  time: code lens generation in 1.5s
2023.04.17 05:38:25 INFO  time: code lens generation in 1.48s
2023.04.17 05:38:25 INFO  time: code lens generation in 1.48s
2023.04.17 05:38:25 INFO  time: code lens generation in 1.45s
2023.04.17 05:38:25 INFO  time: code lens generation in 1.46s
2023.04.17 05:38:25 INFO  time: code lens generation in 1.53s
2023.04.17 05:38:25 INFO  time: code lens generation in 1.52s
2023.04.17 05:38:25 INFO  time: code lens generation in 1.54s
2023.04.17 05:38:25 INFO  time: code lens generation in 1.54s
2023.04.17 05:38:25 INFO  time: code lens generation in 1.56s
2023.04.17 05:38:25 INFO  time: code lens generation in 1.6s
2023.04.17 05:38:25 INFO  time: code lens generation in 1.62s
2023.04.17 05:38:25 INFO  time: code lens generation in 1.63s
2023.04.17 05:38:25 INFO  time: code lens generation in 1.62s
Apr 17, 2023 5:38:25 AM org.eclipse.lsp4j.jsonrpc.RemoteEndpoint handleCancellation
WARNING: Unmatched cancel notification for request id 447
2023.04.17 05:38:25 INFO  time: code lens generation in 1.64s
Apr 17, 2023 5:38:25 AM org.eclipse.lsp4j.jsonrpc.RemoteEndpoint handleCancellation
WARNING: Unmatched cancel notification for request id 441
Apr 17, 2023 5:38:25 AM org.eclipse.lsp4j.jsonrpc.RemoteEndpoint handleCancellation
WARNING: Unmatched cancel notification for request id 442
2023.04.17 05:38:25 INFO  time: code lens generation in 1.66s
Apr 17, 2023 5:38:25 AM org.eclipse.lsp4j.jsonrpc.RemoteEndpoint handleCancellation
WARNING: Unmatched cancel notification for request id 446
Apr 17, 2023 5:38:25 AM org.eclipse.lsp4j.jsonrpc.RemoteEndpoint handleCancellation
WARNING: Unmatched cancel notification for request id 32
2023.04.17 05:38:25 INFO  time: code lens generation in 1.64s
2023.04.17 05:38:25 INFO  time: code lens generation in 1.66s
Apr 17, 2023 5:38:25 AM org.eclipse.lsp4j.jsonrpc.services.GenericEndpoint notify
INFO: Unsupported notification method: $/setTrace
2023.04.17 05:38:25 INFO  time: code lens generation in 1.7s
2023.04.17 05:38:25 INFO  time: code lens generation in 1.71s
2023.04.17 05:38:25 INFO  time: code lens generation in 1.71s
2023.04.17 05:38:25 INFO  time: code lens generation in 1.72s
2023.04.17 05:38:25 INFO  time: code lens generation in 1.73s
2023.04.17 05:38:25 INFO  time: code lens generation in 1.78s
2023.04.17 05:38:25 INFO  time: code lens generation in 1.81s
2023.04.17 05:38:25 INFO  time: code lens generation in 1.87s
2023.04.17 05:38:25 INFO  time: code lens generation in 1.86s
2023.04.17 05:38:25 INFO  time: code lens generation in 1.77s
2023.04.17 05:38:25 INFO  time: code lens generation in 1.87s
2023.04.17 05:38:25 INFO  time: code lens generation in 1.88s
2023.04.17 05:38:25 INFO  time: code lens generation in 1.89s
2023.04.17 05:38:25 INFO  time: code lens generation in 1.76s
2023.04.17 05:38:25 INFO  time: code lens generation in 1.9s
2023.04.17 05:38:25 INFO  time: code lens generation in 1.91s
2023.04.17 05:38:25 INFO  time: code lens generation in 1.91s
2023.04.17 05:38:25 INFO  time: code lens generation in 1.75s
2023.04.17 05:38:25 INFO  time: code lens generation in 1.93s
2023.04.17 05:38:25 INFO  time: code lens generation in 1.95s
2023.04.17 05:38:25 INFO  time: code lens generation in 1.95s
2023.04.17 05:38:25 INFO  time: code lens generation in 1.94s
2023.04.17 05:38:25 INFO  time: code lens generation in 1.85s
2023.04.17 05:38:25 INFO  time: code lens generation in 1.76s
2023.04.17 05:38:25 INFO  time: code lens generation in 1.96s
2023.04.17 05:38:25 INFO  time: code lens generation in 2s
2023.04.17 05:38:25 INFO  time: code lens generation in 1.81s
2023.04.17 05:38:25 INFO  time: code lens generation in 1.98s
2023.04.17 05:38:25 INFO  time: code lens generation in 2s
2023.04.17 05:38:25 INFO  time: code lens generation in 2.02s
2023.04.17 05:38:25 INFO  time: code lens generation in 2.03s
2023.04.17 05:38:25 INFO  time: code lens generation in 2.04s
2023.04.17 05:38:25 INFO  time: code lens generation in 2.04s
2023.04.17 05:38:25 INFO  time: code lens generation in 2.07s
2023.04.17 05:38:25 INFO  time: code lens generation in 2.07s
2023.04.17 05:38:25 INFO  time: code lens generation in 2.1s
2023.04.17 05:38:25 INFO  time: code lens generation in 2.11s
2023.04.17 05:38:25 INFO  time: code lens generation in 2.13s
2023.04.17 05:38:25 INFO  time: code lens generation in 2.15s
2023.04.17 05:38:25 INFO  time: code lens generation in 2.16s
2023.04.17 05:38:25 INFO  time: code lens generation in 2.17s
2023.04.17 05:38:25 INFO  time: code lens generation in 2.12s
2023.04.17 05:38:25 INFO  time: code lens generation in 2.23s
2023.04.17 05:38:25 INFO  time: code lens generation in 2.18s
2023.04.17 05:38:25 INFO  time: code lens generation in 2.2s
2023.04.17 05:38:25 INFO  time: code lens generation in 2.21s
2023.04.17 05:38:25 INFO  time: code lens generation in 2.24s
2023.04.17 05:38:25 INFO  time: code lens generation in 2.21s
2023.04.17 05:38:25 INFO  time: code lens generation in 2.25s
2023.04.17 05:38:25 INFO  time: code lens generation in 2.27s
2023.04.17 05:38:25 INFO  time: code lens generation in 2.26s
2023.04.17 05:38:25 INFO  time: code lens generation in 2.33s
2023.04.17 05:38:25 INFO  time: code lens generation in 2.32s
2023.04.17 05:38:25 INFO  time: code lens generation in 2.34s
2023.04.17 05:38:25 INFO  time: code lens generation in 2.33s
2023.04.17 05:38:25 INFO  time: code lens generation in 2.35s
Apr 17, 2023 5:38:25 AM org.eclipse.lsp4j.jsonrpc.RemoteEndpoint handleCancellation
WARNING: Unmatched cancel notification for request id 450
2023.04.17 05:38:25 INFO  time: code lens generation in 2.37s
2023.04.17 05:38:25 INFO  time: code lens generation in 2.37s
2023.04.17 05:38:25 INFO  time: code lens generation in 2.4s
2023.04.17 05:38:25 INFO  time: code lens generation in 2.38s
2023.04.17 05:38:25 INFO  time: code lens generation in 2.37s
2023.04.17 05:38:25 INFO  time: code lens generation in 2.41s
2023.04.17 05:38:25 INFO  time: code lens generation in 2.42s
Apr 17, 2023 5:38:25 AM org.eclipse.lsp4j.jsonrpc.RemoteEndpoint handleCancellation
WARNING: Unmatched cancel notification for request id 453
2023.04.17 05:38:25 INFO  time: code lens generation in 2.45s
2023.04.17 05:38:25 INFO  time: code lens generation in 2.46s
2023.04.17 05:38:25 INFO  time: code lens generation in 2.45s
2023.04.17 05:38:25 INFO  time: code lens generation in 2.47s
2023.04.17 05:38:25 INFO  time: code lens generation in 2.46s
2023.04.17 05:38:25 INFO  time: code lens generation in 2.47s
2023.04.17 05:38:25 INFO  time: code lens generation in 2.52s
2023.04.17 05:38:25 INFO  time: code lens generation in 2.49s
2023.04.17 05:38:25 INFO  time: code lens generation in 2.51s
2023.04.17 05:38:25 INFO  time: code lens generation in 2.53s
2023.04.17 05:38:25 INFO  time: code lens generation in 2.56s
2023.04.17 05:38:25 INFO  time: code lens generation in 2.65s
2023.04.17 05:38:25 INFO  time: code lens generation in 2.62s
2023.04.17 05:38:25 INFO  time: code lens generation in 2.64s
2023.04.17 05:38:25 INFO  time: code lens generation in 2.67s
2023.04.17 05:38:25 INFO  time: code lens generation in 2.68s
2023.04.17 05:38:25 INFO  time: code lens generation in 2.7s
2023.04.17 05:38:25 INFO  time: code lens generation in 2.78s
2023.04.17 05:38:25 INFO  time: code lens generation in 2.77s
2023.04.17 05:38:25 INFO  time: code lens generation in 2.77s
2023.04.17 05:38:25 INFO  time: code lens generation in 2.79s
2023.04.17 05:38:25 INFO  time: code lens generation in 2.84s
2023.04.17 05:38:25 INFO  time: code lens generation in 2.75s
2023.04.17 05:38:25 INFO  time: code lens generation in 2.74s
2023.04.17 05:38:25 INFO  time: code lens generation in 2.85s
2023.04.17 05:38:25 INFO  time: code lens generation in 2.87s
2023.04.17 05:38:25 INFO  time: code lens generation in 2.88s
2023.04.17 05:38:25 INFO  time: code lens generation in 2.94s
2023.04.17 05:38:25 INFO  time: code lens generation in 2.94s
2023.04.17 05:38:25 INFO  time: code lens generation in 2.95s
2023.04.17 05:38:25 INFO  time: code lens generation in 2.96s
2023.04.17 05:38:25 INFO  time: code lens generation in 3.15s
2023.04.17 05:38:25 INFO  time: code lens generation in 11m30s
Apr 17, 2023 5:38:25 AM org.eclipse.lsp4j.jsonrpc.RemoteEndpoint handleCancellation
WARNING: Unmatched cancel notification for request id 554
Apr 17, 2023 5:38:25 AM org.eclipse.lsp4j.jsonrpc.RemoteEndpoint handleCancellation
WARNING: Unmatched cancel notification for request id 587
Apr 17, 2023 5:38:25 AM org.eclipse.lsp4j.jsonrpc.RemoteEndpoint handleCancellation
WARNING: Unmatched cancel notification for request id 588
Apr 17, 2023 5:38:25 AM org.eclipse.lsp4j.jsonrpc.RemoteEndpoint handleCancellation
WARNING: Unmatched cancel notification for request id 456
2023.04.17 05:40:53 WARN  no build target for: /home/ysyx/OneStudentOneChip/MostSimpleProcessorCore-Chisel/src/main/scala/MSPC_ALU.scala
2023.04.17 06:12:45 WARN  no build target for: /home/ysyx/OneStudentOneChip/MostSimpleProcessorCore-Chisel/src/main/scala/MSPC_ALU.scala
2023.04.17 06:13:00 WARN  no build target for: /home/ysyx/OneStudentOneChip/MostSimpleProcessorCore-Chisel/src/main/scala/MSPC_ALU.scala
2023.04.17 06:13:20 WARN  no build target for: /home/ysyx/OneStudentOneChip/MostSimpleProcessorCore-Chisel/src/main/scala/MSPC_ALU.scala
2023.04.17 06:31:48 WARN  no build target for: /home/ysyx/OneStudentOneChip/MostSimpleProcessorCore-Chisel/src/main/scala/MSPC_ALU.scala
2023.04.17 06:31:59 WARN  no build target for: /home/ysyx/OneStudentOneChip/MostSimpleProcessorCore-Chisel/src/main/scala/MSPC_ALU.scala
2023.04.17 06:32:18 WARN  no build target for: /home/ysyx/OneStudentOneChip/MostSimpleProcessorCore-Chisel/src/main/scala/MSPC_ALU.scala
2023.04.17 06:33:05 WARN  no build target for: /home/ysyx/OneStudentOneChip/MostSimpleProcessorCore-Chisel/src/main/scala/MSPC_ALU.scala
2023.04.17 06:35:19 WARN  no build target for: /home/ysyx/OneStudentOneChip/MostSimpleProcessorCore-Chisel/src/main/scala/MSPC_ALU.scala
2023.04.17 06:36:15 WARN  no build target for: /home/ysyx/OneStudentOneChip/MostSimpleProcessorCore-Chisel/src/main/scala/MSPC_ALU.scala
2023.04.17 06:37:46 WARN  no build target for: /home/ysyx/OneStudentOneChip/MostSimpleProcessorCore-Chisel/src/main/scala/MSPC_ALU.scala
2023.04.17 06:42:09 WARN  no build target for: /home/ysyx/OneStudentOneChip/MostSimpleProcessorCore-Chisel/src/main/scala/MSPC_ALU.scala
Apr 17, 2023 6:52:24 AM org.eclipse.lsp4j.jsonrpc.RemoteEndpoint handleCancellation
WARNING: Unmatched cancel notification for request id 1604
2023.04.17 06:52:32 WARN  no build target for: /home/ysyx/OneStudentOneChip/MostSimpleProcessorCore-Chisel/src/main/scala/MSPC_ALU.scala
2023.04.17 06:53:02 WARN  no build target for: /home/ysyx/OneStudentOneChip/MostSimpleProcessorCore-Chisel/src/main/scala/MSPC_ALU.scala
Apr 17, 2023 6:53:09 AM org.eclipse.lsp4j.jsonrpc.RemoteEndpoint handleCancellation
WARNING: Unmatched cancel notification for request id 1734
2023.04.17 06:54:19 WARN  no build target for: /home/ysyx/OneStudentOneChip/MostSimpleProcessorCore-Chisel/src/main/scala/MSPC_ALU.scala
2023.04.17 06:54:34 WARN  no build target for: /home/ysyx/OneStudentOneChip/MostSimpleProcessorCore-Chisel/src/main/scala/MSPC_ALU.scala
Apr 17, 2023 6:54:53 AM org.eclipse.lsp4j.jsonrpc.RemoteEndpoint handleCancellation
WARNING: Unmatched cancel notification for request id 2117
2023.04.17 06:54:57 WARN  no build target for: /home/ysyx/OneStudentOneChip/MostSimpleProcessorCore-Chisel/src/main/scala/MSPC_ALU.scala
2023.04.17 06:55:20 WARN  no build target for: /home/ysyx/OneStudentOneChip/MostSimpleProcessorCore-Chisel/src/main/scala/MSPC_ALU.scala
2023.04.17 06:55:54 WARN  no build target for: /home/ysyx/OneStudentOneChip/MostSimpleProcessorCore-Chisel/src/main/scala/MSPC_ALU.scala
2023.04.17 06:57:28 WARN  no build target for: /home/ysyx/OneStudentOneChip/MostSimpleProcessorCore-Chisel/src/main/scala/MSPC_ALU.scala
2023.04.17 07:02:01 WARN  no build target for: /home/ysyx/OneStudentOneChip/MostSimpleProcessorCore-Chisel/src/main/scala/MSPC_ALU.scala
2023.04.17 07:02:15 WARN  no build target for: /home/ysyx/OneStudentOneChip/MostSimpleProcessorCore-Chisel/src/main/scala/MSPC_ALU.scala
2023.04.17 07:02:23 WARN  no build target for: /home/ysyx/OneStudentOneChip/MostSimpleProcessorCore-Chisel/src/main/scala/MSPC_ALU.scala
2023.04.17 07:02:35 WARN  no build target for: /home/ysyx/OneStudentOneChip/MostSimpleProcessorCore-Chisel/src/main/scala/MSPC_ALU.scala
Apr 17, 2023 7:03:01 AM org.eclipse.lsp4j.jsonrpc.RemoteEndpoint handleCancellation
WARNING: Unmatched cancel notification for request id 2574
2023.04.17 07:03:48 WARN  no build target for: /home/ysyx/OneStudentOneChip/MostSimpleProcessorCore-Chisel/src/main/scala/MSPC_ALU.scala
2023.04.17 09:15:54 INFO  Started: Metals version 0.11.11 in workspace '/home/ysyx/OneStudentOneChip' for client Visual Studio Code 1.77.3.
SLF4J: No SLF4J providers were found.
SLF4J: Defaulting to no-operation (NOP) logger implementation
SLF4J: See https://www.slf4j.org/codes.html#noProviders for further details.
SLF4J: Class path contains SLF4J bindings targeting slf4j-api versions 1.7.x or earlier.
SLF4J: Ignoring binding found at [jar:file:/home/ysyx/.cache/coursier/v1/https/repo1.maven.org/maven2/com/outr/scribe-slf4j_2.13/3.11.0/scribe-slf4j_2.13-3.11.0.jar!/org/slf4j/impl/StaticLoggerBinder.class]
SLF4J: See https://www.slf4j.org/codes.html#ignoredBindings for an explanation.
2023.04.17 09:15:55 INFO  time: initialize in 0.34s
2023.04.17 09:15:56 WARN  Build server is not auto-connectable.
2023.04.17 09:15:56 WARN  no build tool detected in workspace '/home/ysyx/OneStudentOneChip'. The most common cause for this problem is that the editor was opened in the wrong working directory, for example if you use sbt then the workspace directory should contain build.sbt. 
Apr 17, 2023 9:15:56 AM org.eclipse.lsp4j.jsonrpc.RemoteEndpoint handleCancellation
WARNING: Unmatched cancel notification for request id 1
2023.04.17 09:15:56 WARN  no build target for: /home/ysyx/OneStudentOneChip/MostSimpleProcessorCore-Chisel/src/main/scala/MSPC_ALU.scala
2023.04.17 09:15:58 INFO  no build target found for /home/ysyx/OneStudentOneChip/MostSimpleProcessorCore-Chisel/src/main/scala/MSPC_ALU.scala. Using presentation compiler with project's scala-library version: 3.2.2
2023.04.17 09:15:59 INFO  time: code lens generation in 3.06s
Apr 17, 2023 11:34:50 PM org.eclipse.lsp4j.jsonrpc.services.GenericEndpoint notify
INFO: Unsupported notification method: $/setTrace
Apr 17, 2023 11:35:54 PM org.eclipse.lsp4j.jsonrpc.RemoteEndpoint handleCancellation
WARNING: Unmatched cancel notification for request id 242
Exception in thread "pool-3-thread-1" java.lang.InterruptedException
	at scala.meta.internal.metals.FutureCancelToken.checkCanceled(FutureCancelToken.scala:29)
	at scala.meta.internal.pc.CompilerAccess.onCompilerJobQueue$$anonfun$1(CompilerAccess.scala:195)
	at scala.meta.internal.pc.CompilerJobQueue$Job.run(CompilerJobQueue.scala:152)
	at java.base/java.util.concurrent.ThreadPoolExecutor.runWorker(ThreadPoolExecutor.java:1128)
	at java.base/java.util.concurrent.ThreadPoolExecutor$Worker.run(ThreadPoolExecutor.java:628)
	at java.base/java.lang.Thread.run(Thread.java:829)
2023.04.17 23:36:07 WARN  no build target for: /home/ysyx/OneStudentOneChip/MostSimpleProcessorCore-Chisel/src/main/scala/MSPC_ALU.scala
Apr 18, 2023 2:02:55 AM org.eclipse.lsp4j.jsonrpc.services.GenericEndpoint notify
INFO: Unsupported notification method: $/setTrace
Apr 18, 2023 2:02:56 AM org.eclipse.lsp4j.jsonrpc.services.GenericEndpoint notify
INFO: Unsupported notification method: $/setTrace
Apr 18, 2023 8:13:02 AM org.eclipse.lsp4j.jsonrpc.services.GenericEndpoint notify
INFO: Unsupported notification method: $/setTrace
2023.04.18 08:15:30 WARN  no build target for: /home/ysyx/OneStudentOneChip/LearnChisel/chisel-bootcamp-experiments/Chap00/Passthrough.scala
2023.04.18 08:15:40 WARN  no build target for: /home/ysyx/OneStudentOneChip/MostSimpleProcessorCore-Chisel/src/test/scala/MSPC_ALU_Gen.scala
Apr 18, 2023 8:16:06 AM org.eclipse.lsp4j.jsonrpc.RemoteEndpoint handleCancellation
WARNING: Unmatched cancel notification for request id 493
2023.04.18 08:16:36 WARN  no build target for: /home/ysyx/OneStudentOneChip/MostSimpleProcessorCore-Chisel/src/test/scala/MSPC_ALU_Gen.scala
Apr 18, 2023 8:17:06 AM org.eclipse.lsp4j.jsonrpc.RemoteEndpoint handleCancellation
WARNING: Unmatched cancel notification for request id 665
2023.04.18 08:17:34 WARN  no build target for: /home/ysyx/OneStudentOneChip/MostSimpleProcessorCore-Chisel/src/main/scala/MSPC_ALU.scala
2023.04.18 08:18:49 WARN  no build target for: /home/ysyx/OneStudentOneChip/MostSimpleProcessorCore-Chisel/src/main/scala/MSPC_ALU.scala
2023.04.18 08:19:38 WARN  no build target for: /home/ysyx/OneStudentOneChip/MostSimpleProcessorCore-Chisel/src/main/scala/MSPC_ALU.scala
2023.04.18 08:20:37 WARN  no build target for: /home/ysyx/OneStudentOneChip/MostSimpleProcessorCore-Chisel/src/main/scala/MSPC_ALU.scala
Exception in thread "pool-3-thread-2" java.lang.InterruptedException
	at scala.meta.internal.metals.FutureCancelToken.checkCanceled(FutureCancelToken.scala:29)
	at scala.meta.internal.pc.CompilerAccess.onCompilerJobQueue$$anonfun$1(CompilerAccess.scala:195)
	at scala.meta.internal.pc.CompilerJobQueue$Job.run(CompilerJobQueue.scala:152)
	at java.base/java.util.concurrent.ThreadPoolExecutor.runWorker(ThreadPoolExecutor.java:1128)
	at java.base/java.util.concurrent.ThreadPoolExecutor$Worker.run(ThreadPoolExecutor.java:628)
	at java.base/java.lang.Thread.run(Thread.java:829)
2023.04.18 08:22:23 WARN  no build target for: /home/ysyx/OneStudentOneChip/LearnChisel/chisel-bootcamp-experiments/Chap21/src/main/Passthrough.scala
2023.04.18 08:22:29 WARN  no build target for: /home/ysyx/OneStudentOneChip/LearnChisel/chisel-bootcamp-experiments/Chap21/src/main/Passthrough.scala
2023.04.18 08:22:46 WARN  no build target for: /home/ysyx/OneStudentOneChip/LearnChisel/chisel-bootcamp-experiments/Chap21/src/main/Passthrough.scala
2023.04.18 08:22:50 INFO  Shutting down server
2023.04.18 08:22:50 INFO  shutting down Metals
2023.04.18 08:22:50 INFO  Exiting server
2023.04.18 08:22:57 INFO  Started: Metals version 0.11.11 in workspace '/home/ysyx/OneStudentOneChip' for client Visual Studio Code 1.77.3.
SLF4J: No SLF4J providers were found.
SLF4J: Defaulting to no-operation (NOP) logger implementation
SLF4J: See https://www.slf4j.org/codes.html#noProviders for further details.
SLF4J: Class path contains SLF4J bindings targeting slf4j-api versions 1.7.x or earlier.
SLF4J: Ignoring binding found at [jar:file:/home/ysyx/.cache/coursier/v1/https/repo1.maven.org/maven2/com/outr/scribe-slf4j_2.13/3.11.0/scribe-slf4j_2.13-3.11.0.jar!/org/slf4j/impl/StaticLoggerBinder.class]
SLF4J: See https://www.slf4j.org/codes.html#ignoredBindings for an explanation.
2023.04.18 08:22:58 INFO  time: initialize in 0.48s
2023.04.18 08:23:00 WARN  Build server is not auto-connectable.
2023.04.18 08:23:00 WARN  no build tool detected in workspace '/home/ysyx/OneStudentOneChip'. The most common cause for this problem is that the editor was opened in the wrong working directory, for example if you use sbt then the workspace directory should contain build.sbt. 
2023.04.18 08:23:00 WARN  no build target for: /home/ysyx/OneStudentOneChip/LearnChisel/chisel-bootcamp-experiments/Chap21/src/main/Passthrough.scala
Apr 18, 2023 8:23:00 AM org.eclipse.lsp4j.jsonrpc.RemoteEndpoint handleCancellation
WARNING: Unmatched cancel notification for request id 2
Apr 18, 2023 8:23:00 AM org.eclipse.lsp4j.jsonrpc.RemoteEndpoint handleCancellation
WARNING: Unmatched cancel notification for request id 1
2023.04.18 08:23:39 INFO  no build target found for /home/ysyx/OneStudentOneChip/LearnChisel/chisel-bootcamp-experiments/Chap21/src/main/Passthrough.scala. Using presentation compiler with project's scala-library version: 3.2.2
Apr 18, 2023 8:23:39 AM org.eclipse.lsp4j.jsonrpc.RemoteEndpoint handleCancellation
WARNING: Unmatched cancel notification for request id 17
Apr 18, 2023 8:23:39 AM org.eclipse.lsp4j.jsonrpc.RemoteEndpoint handleCancellation
WARNING: Unmatched cancel notification for request id 20
Apr 18, 2023 8:23:39 AM org.eclipse.lsp4j.jsonrpc.RemoteEndpoint handleCancellation
WARNING: Unmatched cancel notification for request id 25
Apr 18, 2023 8:23:39 AM org.eclipse.lsp4j.jsonrpc.RemoteEndpoint handleCancellation
WARNING: Unmatched cancel notification for request id 26
Apr 18, 2023 8:23:39 AM org.eclipse.lsp4j.jsonrpc.RemoteEndpoint handleCancellation
WARNING: Unmatched cancel notification for request id 32
Apr 18, 2023 8:23:39 AM org.eclipse.lsp4j.jsonrpc.RemoteEndpoint handleCancellation
WARNING: Unmatched cancel notification for request id 37
Apr 18, 2023 8:23:39 AM org.eclipse.lsp4j.jsonrpc.RemoteEndpoint handleCancellation
WARNING: Unmatched cancel notification for request id 41
Apr 18, 2023 8:23:39 AM org.eclipse.lsp4j.jsonrpc.RemoteEndpoint handleCancellation
WARNING: Unmatched cancel notification for request id 29
Apr 18, 2023 8:23:39 AM org.eclipse.lsp4j.jsonrpc.RemoteEndpoint handleCancellation
WARNING: Unmatched cancel notification for request id 49
Apr 18, 2023 8:23:39 AM org.eclipse.lsp4j.jsonrpc.RemoteEndpoint handleCancellation
WARNING: Unmatched cancel notification for request id 52
Apr 18, 2023 8:23:39 AM org.eclipse.lsp4j.jsonrpc.RemoteEndpoint handleCancellation
WARNING: Unmatched cancel notification for request id 59
Apr 18, 2023 8:23:39 AM org.eclipse.lsp4j.jsonrpc.RemoteEndpoint handleCancellation
WARNING: Unmatched cancel notification for request id 64
Apr 18, 2023 8:23:39 AM org.eclipse.lsp4j.jsonrpc.RemoteEndpoint handleCancellation
WARNING: Unmatched cancel notification for request id 74
Apr 18, 2023 8:23:39 AM org.eclipse.lsp4j.jsonrpc.RemoteEndpoint handleCancellation
WARNING: Unmatched cancel notification for request id 77
Apr 18, 2023 8:23:39 AM org.eclipse.lsp4j.jsonrpc.RemoteEndpoint handleCancellation
WARNING: Unmatched cancel notification for request id 80
Apr 18, 2023 8:23:39 AM org.eclipse.lsp4j.jsonrpc.RemoteEndpoint handleCancellation
WARNING: Unmatched cancel notification for request id 85
Apr 18, 2023 8:23:39 AM org.eclipse.lsp4j.jsonrpc.RemoteEndpoint handleCancellation
WARNING: Unmatched cancel notification for request id 83
Apr 18, 2023 8:23:39 AM org.eclipse.lsp4j.jsonrpc.RemoteEndpoint handleCancellation
WARNING: Unmatched cancel notification for request id 86
Apr 18, 2023 8:23:39 AM org.eclipse.lsp4j.jsonrpc.RemoteEndpoint handleCancellation
WARNING: Unmatched cancel notification for request id 89
Apr 18, 2023 8:23:40 AM org.eclipse.lsp4j.jsonrpc.RemoteEndpoint handleCancellation
WARNING: Unmatched cancel notification for request id 94
2023.04.18 08:23:40 WARN  no build target for: /home/ysyx/OneStudentOneChip/LearnChisel/chisel-bootcamp-experiments/Chap21/src/main/Passthrough.scala
2023.04.18 08:23:41 INFO  time: code lens generation in 41s
2023.04.18 08:23:42 INFO  time: code lens generation in 2.11s
2023.04.18 08:23:42 INFO  time: code lens generation in 2.13s
2023.04.18 08:23:42 INFO  time: code lens generation in 2.21s
2023.04.18 08:23:42 INFO  time: code lens generation in 2.08s
2023.04.18 08:23:42 INFO  time: code lens generation in 2.19s
2023.04.18 08:23:42 INFO  time: code lens generation in 2.18s
2023.04.18 08:23:42 INFO  time: code lens generation in 2.16s
2023.04.18 08:23:42 INFO  time: code lens generation in 2.19s
2023.04.18 08:23:42 INFO  time: code lens generation in 2.32s
2023.04.18 08:23:42 INFO  time: code lens generation in 2.1s
2023.04.18 08:23:42 INFO  time: code lens generation in 2.37s
2023.04.18 08:23:42 INFO  time: code lens generation in 2.45s
2023.04.18 08:23:42 INFO  time: code lens generation in 2.15s
2023.04.18 08:23:42 INFO  time: code lens generation in 2.36s
2023.04.18 08:23:42 INFO  time: code lens generation in 2.47s
2023.04.18 08:23:42 INFO  time: code lens generation in 2.31s
2023.04.18 08:23:42 INFO  time: code lens generation in 2.52s
2023.04.18 08:23:42 INFO  time: code lens generation in 2.26s
2023.04.18 08:23:42 INFO  time: code lens generation in 40s
2023.04.18 08:23:42 INFO  time: code lens generation in 2.23s
2023.04.18 08:23:42 INFO  time: code lens generation in 2.49s
2023.04.18 08:23:42 INFO  time: code lens generation in 2.47s
2023.04.18 08:23:42 INFO  time: code lens generation in 2.42s
Apr 18, 2023 8:23:42 AM org.eclipse.lsp4j.jsonrpc.services.GenericEndpoint notify
INFO: Unsupported notification method: $/setTrace
2023.04.18 08:24:29 WARN  no build target for: /home/ysyx/OneStudentOneChip/LearnChisel/chisel-bootcamp-experiments/Chap21/src/main/Passthrough.scala
2023.04.18 08:25:11 WARN  no build target for: /home/ysyx/OneStudentOneChip/LearnChisel/chisel-bootcamp-experiments/Chap21/src/main/Passthrough.scala
2023.04.18 08:27:04 WARN  no build target for: /home/ysyx/OneStudentOneChip/LearnChisel/chisel-bootcamp-experiments/Chap21/src/test/PassthroughTest.scala
2023.04.18 08:27:23 WARN  no build target for: /home/ysyx/OneStudentOneChip/LearnChisel/chisel-bootcamp-experiments/Chap21/src/main/Passthrough.scala
Exception in thread "pool-3-thread-1" java.lang.InterruptedException
	at scala.meta.internal.metals.FutureCancelToken.checkCanceled(FutureCancelToken.scala:29)
	at scala.meta.internal.pc.CompilerAccess.onCompilerJobQueue$$anonfun$1(CompilerAccess.scala:195)
	at scala.meta.internal.pc.CompilerJobQueue$Job.run(CompilerJobQueue.scala:152)
	at java.base/java.util.concurrent.ThreadPoolExecutor.runWorker(ThreadPoolExecutor.java:1128)
	at java.base/java.util.concurrent.ThreadPoolExecutor$Worker.run(ThreadPoolExecutor.java:628)
	at java.base/java.lang.Thread.run(Thread.java:829)
Exception in thread "pool-3-thread-2" java.lang.InterruptedException
	at scala.meta.internal.metals.FutureCancelToken.checkCanceled(FutureCancelToken.scala:29)
	at scala.meta.internal.pc.CompilerAccess.onCompilerJobQueue$$anonfun$1(CompilerAccess.scala:195)
	at scala.meta.internal.pc.CompilerJobQueue$Job.run(CompilerJobQueue.scala:152)
	at java.base/java.util.concurrent.ThreadPoolExecutor.runWorker(ThreadPoolExecutor.java:1128)
	at java.base/java.util.concurrent.ThreadPoolExecutor$Worker.run(ThreadPoolExecutor.java:628)
	at java.base/java.lang.Thread.run(Thread.java:829)
2023.04.18 08:28:01 WARN  no build target for: /home/ysyx/OneStudentOneChip/LearnChisel/chisel-bootcamp-experiments/Chap21/src/test/PassthroughTest.scala
2023.04.18 08:29:50 WARN  no build target for: /home/ysyx/OneStudentOneChip/LearnChisel/chisel-bootcamp-experiments/Chap21/src/main/Passthrough.scala
Apr 18, 2023 8:40:14 AM org.eclipse.lsp4j.jsonrpc.RemoteEndpoint handleCancellation
WARNING: Unmatched cancel notification for request id 983
Apr 18, 2023 8:40:49 AM org.eclipse.lsp4j.jsonrpc.RemoteEndpoint handleCancellation
WARNING: Unmatched cancel notification for request id 1108
2023.04.18 08:41:19 WARN  no build target for: /home/ysyx/OneStudentOneChip/LearnChisel/chisel-bootcamp-experiments/Chap21/src/main/Passthrough.scala
2023.04.18 08:41:51 WARN  no build target for: /home/ysyx/OneStudentOneChip/LearnChisel/chisel-bootcamp-experiments/Chap21/src/main/Passthrough.scala
2023.04.18 08:42:11 WARN  no build target for: /home/ysyx/OneStudentOneChip/LearnChisel/chisel-bootcamp-experiments/Chap21/src/main/Passthrough.scala
2023.04.18 08:42:16 WARN  no build target for: /home/ysyx/OneStudentOneChip/LearnChisel/chisel-bootcamp-experiments/Chap21/src/main/Passthrough.scala
2023.04.18 08:42:25 WARN  no build target for: /home/ysyx/OneStudentOneChip/LearnChisel/chisel-bootcamp-experiments/Chap21/src/main/Passthrough.scala
2023.04.18 08:42:35 WARN  no build target for: /home/ysyx/OneStudentOneChip/LearnChisel/chisel-bootcamp-experiments/Chap21/src/main/Passthrough.scala
Apr 18, 2023 8:44:23 AM org.eclipse.lsp4j.jsonrpc.RemoteEndpoint handleCancellation
WARNING: Unmatched cancel notification for request id 1357
2023.04.18 08:44:25 WARN  no build target for: /home/ysyx/OneStudentOneChip/LearnChisel/chisel-bootcamp-experiments/Chap21/build.sbt
2023.04.18 08:48:26 WARN  no build target for: /home/ysyx/OneStudentOneChip/LearnChisel/chisel-bootcamp-experiments/Chap21/build.sbt
Apr 18, 2023 9:09:21 AM org.eclipse.lsp4j.jsonrpc.RemoteEndpoint handleCancellation
WARNING: Unmatched cancel notification for request id 1964
2023.04.18 09:09:55 WARN  no build target for: /home/ysyx/OneStudentOneChip/LearnChisel/chisel-bootcamp-experiments/Chap21/src/main/Passthrough.scala
2023.04.18 09:11:38 WARN  no build target for: /home/ysyx/OneStudentOneChip/LearnChisel/chisel-bootcamp-experiments/Chap21/src/main/Passthrough.scala
2023.04.18 09:12:56 WARN  no build target for: /home/ysyx/OneStudentOneChip/LearnChisel/chisel-bootcamp-experiments/Chap21/src/main/Passthrough.scala
2023.04.18 09:34:34 WARN  no build target for: /home/ysyx/OneStudentOneChip/LearnChisel/chisel-bootcamp-experiments/Passthrough/src/main/Passthrough.scala
2023.04.18 09:38:11 WARN  no build target for: /home/ysyx/OneStudentOneChip/LearnChisel/chisel-bootcamp-experiments/Passthrough/src/main/Passthrough.scala
2023.04.18 09:38:18 WARN  no build target for: /home/ysyx/OneStudentOneChip/LearnChisel/chisel-bootcamp-experiments/Chap21_1/src/main/Passthrough.scala
Apr 18, 2023 9:40:33 AM org.eclipse.lsp4j.jsonrpc.RemoteEndpoint handleCancellation
WARNING: Unmatched cancel notification for request id 2853
Apr 18, 2023 9:40:53 AM org.eclipse.lsp4j.jsonrpc.RemoteEndpoint handleCancellation
WARNING: Unmatched cancel notification for request id 2903
2023.04.18 09:40:57 WARN  no build target for: /home/ysyx/OneStudentOneChip/LearnChisel/chisel-bootcamp-experiments/Passthrough/src/main/Passthrough.scala
2023.04.18 09:42:42 WARN  no build target for: /home/ysyx/OneStudentOneChip/LearnChisel/chisel-bootcamp-experiments/Passthrough/src/main/Passthrough.scala
2023.04.18 09:43:40 WARN  no build target for: /home/ysyx/OneStudentOneChip/LearnChisel/chisel-bootcamp-experiments/Passthrough/src/main/Passthrough.scala
2023.04.18 09:44:18 WARN  no build target for: /home/ysyx/OneStudentOneChip/LearnChisel/chisel-bootcamp-experiments/Passthrough/src/main/Passthrough.scala
2023.04.18 09:47:06 INFO  Shutting down server
2023.04.18 09:47:06 INFO  shutting down Metals
2023.04.18 09:47:06 INFO  Exiting server
2023.04.18 10:06:13 INFO  Started: Metals version 0.11.11 in workspace '/home/ysyx/OneStudentOneChip' for client Visual Studio Code 1.77.3.
SLF4J: No SLF4J providers were found.
SLF4J: Defaulting to no-operation (NOP) logger implementation
SLF4J: See https://www.slf4j.org/codes.html#noProviders for further details.
SLF4J: Class path contains SLF4J bindings targeting slf4j-api versions 1.7.x or earlier.
SLF4J: Ignoring binding found at [jar:file:/home/ysyx/.cache/coursier/v1/https/repo1.maven.org/maven2/com/outr/scribe-slf4j_2.13/3.11.0/scribe-slf4j_2.13-3.11.0.jar!/org/slf4j/impl/StaticLoggerBinder.class]
SLF4J: See https://www.slf4j.org/codes.html#ignoredBindings for an explanation.
2023.04.18 10:06:14 INFO  time: initialize in 0.67s
2023.04.18 10:06:16 WARN  Build server is not auto-connectable.
2023.04.18 10:06:16 WARN  no build tool detected in workspace '/home/ysyx/OneStudentOneChip'. The most common cause for this problem is that the editor was opened in the wrong working directory, for example if you use sbt then the workspace directory should contain build.sbt. 
2023.04.18 10:06:16 WARN  no build target for: /home/ysyx/OneStudentOneChip/LearnChisel/chisel-bootcamp-experiments/Passthrough/src/main/Passthrough.scala
Apr 18, 2023 10:06:16 AM org.eclipse.lsp4j.jsonrpc.RemoteEndpoint handleCancellation
WARNING: Unmatched cancel notification for request id 1
2023.04.18 10:06:20 INFO  no build target found for /home/ysyx/OneStudentOneChip/LearnChisel/chisel-bootcamp-experiments/Passthrough/src/main/Passthrough.scala. Using presentation compiler with project's scala-library version: 3.2.2
2023.04.18 10:06:21 INFO  time: code lens generation in 5.28s
2023.04.18 10:07:54 WARN  no build target for: /home/ysyx/OneStudentOneChip/LearnChisel/chisel-bootcamp-experiments/Passthrough_1/build.sc
2023.04.18 10:07:59 WARN  no build target for: /home/ysyx/OneStudentOneChip/LearnChisel/chisel-bootcamp-experiments/Passthrough_1/build.sbt
2023.04.18 10:08:04 WARN  no build target for: /home/ysyx/OneStudentOneChip/LearnChisel/chisel-bootcamp-experiments/Passthrough_1/project/plugins.sbt
2023.04.18 10:08:36 WARN  no build target for: /home/ysyx/OneStudentOneChip/LearnChisel/chisel-bootcamp-experiments/Passthrough_1/src/main/scala/Passthrough.scala
Apr 18, 2023 10:08:36 AM org.eclipse.lsp4j.jsonrpc.RemoteEndpoint handleCancellation
WARNING: Unmatched cancel notification for request id 52
2023.04.18 10:08:37 WARN  no build target for: /home/ysyx/OneStudentOneChip/LearnChisel/chisel-bootcamp-experiments/Passthrough_1/src/test/scala/PassthroughTest.scala
2023.04.18 10:09:07 WARN  no build target for: /home/ysyx/OneStudentOneChip/LearnChisel/chisel-bootcamp-experiments/Passthrough_1/src/main/scala/Passthrough.scala
2023.04.18 10:11:18 WARN  no build target for: /home/ysyx/OneStudentOneChip/LearnChisel/chisel-bootcamp-experiments/Passthrough_1/src/main/scala/Passthrough.scala
Apr 18, 2023 10:11:42 AM org.eclipse.lsp4j.jsonrpc.RemoteEndpoint handleCancellation
WARNING: Unmatched cancel notification for request id 506
2023.04.18 10:12:38 WARN  no build target for: /home/ysyx/OneStudentOneChip/LearnChisel/chisel-bootcamp-experiments/Passthrough_1/src/test/scala/PassthroughTest.scala
2023.04.18 10:13:46 WARN  no build target for: /home/ysyx/OneStudentOneChip/LearnChisel/chisel-bootcamp-experiments/Passthrough_1/src/main/scala/Passthrough.scala
2023.04.18 10:14:25 WARN  no build target for: /home/ysyx/OneStudentOneChip/LearnChisel/chisel-bootcamp-experiments/Passthrough_1/src/main/scala/Passthrough.scala
Apr 18, 2023 10:17:21 AM org.eclipse.lsp4j.jsonrpc.services.GenericEndpoint notify
INFO: Unsupported notification method: $/setTrace
Apr 18, 2023 10:38:00 AM org.eclipse.lsp4j.jsonrpc.services.GenericEndpoint notify
INFO: Unsupported notification method: $/setTrace
2023.04.19 09:37:04 WARN  no build target for: /home/ysyx/OneStudentOneChip/MostSimpleProcessorCore-Chisel/ALU/src/main/scala/ALU.scala
2023.04.19 09:37:15 WARN  no build target for: /home/ysyx/OneStudentOneChip/MostSimpleProcessorCore-Chisel/ALU/src/main/scala/ALU.scala
2023.04.19 09:37:25 WARN  no build target for: /home/ysyx/OneStudentOneChip/MostSimpleProcessorCore-Chisel/ALU/src/main/scala/ALU.scala
Apr 19, 2023 9:38:14 AM org.eclipse.lsp4j.jsonrpc.RemoteEndpoint handleCancellation
WARNING: Unmatched cancel notification for request id 1048
2023.04.19 09:38:34 WARN  no build target for: /home/ysyx/OneStudentOneChip/MostSimpleProcessorCore-Chisel/ALU/src/main/scala/ALU.scala
Apr 19, 2023 9:42:21 AM org.eclipse.lsp4j.jsonrpc.RemoteEndpoint handleCancellation
WARNING: Unmatched cancel notification for request id 1134
2023.04.19 09:42:52 WARN  no build target for: /home/ysyx/OneStudentOneChip/MostSimpleProcessorCore-Chisel/ALU/src/main/scala/ALU.scala
Apr 19, 2023 9:45:58 AM org.eclipse.lsp4j.jsonrpc.RemoteEndpoint handleCancellation
WARNING: Unmatched cancel notification for request id 1517
2023.04.19 09:46:26 WARN  no build target for: /home/ysyx/OneStudentOneChip/MostSimpleProcessorCore-Chisel/ALU/src/main/scala/ALU.scala
2023.04.19 09:47:00 WARN  no build target for: /home/ysyx/OneStudentOneChip/MostSimpleProcessorCore-Chisel/LSU/src/main/scala/LSU.scala
2023.04.19 09:47:38 WARN  no build target for: /home/ysyx/OneStudentOneChip/MostSimpleProcessorCore-Chisel/LSU/src/main/scala/LSU.scala
2023.04.19 09:50:56 WARN  no build target for: /home/ysyx/OneStudentOneChip/MostSimpleProcessorCore-Chisel/LSU/src/main/scala/LSU.scala
Apr 19, 2023 9:51:49 AM org.eclipse.lsp4j.jsonrpc.RemoteEndpoint handleCancellation
WARNING: Unmatched cancel notification for request id 2208
2023.04.19 09:52:18 WARN  no build target for: /home/ysyx/OneStudentOneChip/MostSimpleProcessorCore-Chisel/LSU/src/main/scala/LSU.scala
Exception in thread "pool-3-thread-1" java.lang.InterruptedException
	at scala.meta.internal.metals.FutureCancelToken.checkCanceled(FutureCancelToken.scala:29)
	at scala.meta.internal.pc.CompilerAccess.onCompilerJobQueue$$anonfun$1(CompilerAccess.scala:195)
	at scala.meta.internal.pc.CompilerJobQueue$Job.run(CompilerJobQueue.scala:152)
	at java.base/java.util.concurrent.ThreadPoolExecutor.runWorker(ThreadPoolExecutor.java:1128)
	at java.base/java.util.concurrent.ThreadPoolExecutor$Worker.run(ThreadPoolExecutor.java:628)
	at java.base/java.lang.Thread.run(Thread.java:829)
2023.04.19 09:53:33 WARN  no build target for: /home/ysyx/OneStudentOneChip/MostSimpleProcessorCore-Chisel/LSU/src/main/scala/LSU.scala
Apr 19, 2023 10:07:44 AM org.eclipse.lsp4j.jsonrpc.RemoteEndpoint handleCancellation
WARNING: Unmatched cancel notification for request id 2612
Apr 19, 2023 10:08:45 AM org.eclipse.lsp4j.jsonrpc.RemoteEndpoint handleCancellation
WARNING: Unmatched cancel notification for request id 2826
Apr 19, 2023 10:10:53 AM org.eclipse.lsp4j.jsonrpc.RemoteEndpoint handleCancellation
WARNING: Unmatched cancel notification for request id 3379
2023.04.19 10:10:57 WARN  no build target for: /home/ysyx/OneStudentOneChip/MostSimpleProcessorCore-Chisel/ALU/src/main/scala/ALU.scala
Apr 19, 2023 10:11:34 AM org.eclipse.lsp4j.jsonrpc.RemoteEndpoint handleCancellation
WARNING: Unmatched cancel notification for request id 3511
2023.04.19 10:12:26 WARN  no build target for: /home/ysyx/OneStudentOneChip/MostSimpleProcessorCore-Chisel/ALU/src/main/scala/ALU.scala
2023.04.19 10:14:30 WARN  no build target for: /home/ysyx/OneStudentOneChip/MostSimpleProcessorCore-Chisel/ALU/src/main/scala/ALU.scala
Apr 19, 2023 10:16:53 AM org.eclipse.lsp4j.jsonrpc.RemoteEndpoint handleCancellation
WARNING: Unmatched cancel notification for request id 4203
2023.04.19 10:18:02 WARN  no build target for: /home/ysyx/OneStudentOneChip/MostSimpleProcessorCore-Chisel/ALU/src/main/scala/ALU.scala
2023.04.19 10:18:23 WARN  no build target for: /home/ysyx/OneStudentOneChip/MostSimpleProcessorCore-Chisel/ALU/src/main/scala/ALU.scala
2023.04.19 10:18:34 WARN  no build target for: /home/ysyx/OneStudentOneChip/MostSimpleProcessorCore-Chisel/ALU/src/main/scala/ALU.scala
2023.04.19 10:19:50 WARN  no build target for: /home/ysyx/OneStudentOneChip/MostSimpleProcessorCore-Chisel/ALU/src/main/scala/ALU.scala
2023.04.19 10:20:14 WARN  no build target for: /home/ysyx/OneStudentOneChip/MostSimpleProcessorCore-Chisel/ALU/src/main/scala/ALU.scala
2023.04.19 10:20:49 WARN  no build target for: /home/ysyx/OneStudentOneChip/MostSimpleProcessorCore-Chisel/ALU/src/main/scala/ALU.scala
2023.04.19 10:20:53 WARN  no build target for: /home/ysyx/OneStudentOneChip/MostSimpleProcessorCore-Chisel/ALU/src/main/scala/ALU.scala
2023.04.19 10:20:54 WARN  no build target for: /home/ysyx/OneStudentOneChip/MostSimpleProcessorCore-Chisel/ALU/src/main/scala/ALU.scala
Apr 19, 2023 10:22:09 AM org.eclipse.lsp4j.jsonrpc.RemoteEndpoint handleCancellation
WARNING: Unmatched cancel notification for request id 5207
2023.04.19 10:22:12 WARN  no build target for: /home/ysyx/OneStudentOneChip/MostSimpleProcessorCore-Chisel/ALU/src/main/scala/ALU.scala
2023.04.19 10:28:11 WARN  no build target for: /home/ysyx/OneStudentOneChip/MostSimpleProcessorCore-Chisel/ALU/src/main/scala/ALU.scala
2023.04.19 10:35:04 WARN  no build target for: /home/ysyx/OneStudentOneChip/MostSimpleProcessorCore-Chisel/ALU/src/main/scala/ALU.scala
Apr 19, 2023 10:35:45 AM org.eclipse.lsp4j.jsonrpc.RemoteEndpoint handleCancellation
WARNING: Unmatched cancel notification for request id 5749
2023.04.19 10:36:03 WARN  no build target for: /home/ysyx/OneStudentOneChip/MostSimpleProcessorCore-Chisel/ALU/src/main/scala/ALU.scala
2023.04.19 10:36:27 WARN  no build target for: /home/ysyx/OneStudentOneChip/MostSimpleProcessorCore-Chisel/ALU/src/main/scala/ALU.scala
2023.04.19 10:37:32 WARN  no build target for: /home/ysyx/OneStudentOneChip/MostSimpleProcessorCore-Chisel/ALU/src/main/scala/ALU.scala
2023.04.19 10:49:36 WARN  no build target for: /home/ysyx/OneStudentOneChip/MostSimpleProcessorCore-Chisel/ALU/src/main/scala/ALU.scala
Apr 19, 2023 10:51:56 AM org.eclipse.lsp4j.jsonrpc.RemoteEndpoint handleCancellation
WARNING: Unmatched cancel notification for request id 6227
2023.04.19 10:54:48 WARN  no build target for: /home/ysyx/OneStudentOneChip/MostSimpleProcessorCore-Chisel/ALU/src/main/scala/ALU.scala
